Case #1: 99
................................................................................................../.
................................................................................................./..
................................................................................................/...
.............................................................................................../....
............................................................................................../.....
............................................................................................./......
............................................................................................/.......
.........................................................................................../........
........................................................................................../.........
........................................................................................./..........
......................................................................................../...........
......................................................................................./............
....................................................................................../.............
...................................................................................../..............
..................................................................................../...............
.................................................................................../................
................................................................................../.................
................................................................................./..................
................................................................................/...................
.............................................................................../....................
............................................................................../.....................
............................................................................./......................
............................................................................/.......................
.........................................................................../........................
........................................................................../.........................
........................................................................./..........................
......................................................................../...........................
......................................................................./............................
....................................................................../.............................
...................................................................../..............................
..................................................................../...............................
.................................................................../................................
................................................................../.................................
................................................................./..................................
................................................................/...................................
.............................................................../....................................
............................................................../.....................................
............................................................./......................................
............................................................/.......................................
.........................................................../........................................
........................................................../.........................................
........................................................./..........................................
......................................................../...........................................
......................................................./............................................
....................................................../.............................................
...................................................../..............................................
..................................................../...............................................
.................................................../................................................
................................................../.................................................
................................................./..................................................
................................................/...................................................
.............................................../....................................................
............................................../.....................................................
............................................./......................................................
............................................/.......................................................
.........................................../........................................................
........................................../.........................................................
........................................./..........................................................
......................................../...........................................................
......................................./............................................................
....................................../.............................................................
...................................../..............................................................
..................................../...............................................................
.................................../................................................................
................................../.................................................................
................................./..................................................................
................................/...................................................................
.............................../....................................................................
............................../.....................................................................
............................./......................................................................
............................/.......................................................................
.........................../........................................................................
........................../.........................................................................
........................./..........................................................................
......................../...........................................................................
......................./............................................................................
....................../.............................................................................
...................../..............................................................................
..................../...............................................................................
.................../................................................................................
................../.................................................................................
................./..................................................................................
................/...................................................................................
.............../....................................................................................
............../.....................................................................................
............./......................................................................................
............/.......................................................................................
.........../........................................................................................
........../.........................................................................................
........./..........................................................................................
......../...........................................................................................
......./............................................................................................
....../.............................................................................................
...../..............................................................................................
..../...............................................................................................
.../................................................................................................
../.................................................................................................
./..................................................................................................
....................................................................................................
